### ISSUE TITLE
Crash due to out of bounds write in bt48x_hwcursor_draw

### ISSUE THREAD

**Issue by ntrrgc** [86Box/86Box#4607]
### What happened?

I clicked on the 86Box window. It crashed.

It doesn't happen every time. I compiled 86Box from source to have tracebacks because I kept getting occasional crashes in 86Box and the AppImage release didn't provide me with useful tracebacks.

```
#0  0x0000000000807ae0 in bt48x_hwcursor_draw (svga=0x7f3c34269618, displine=0)
    at /home/ntrrgc/Apps/86Box/src/video/vid_bt48x_ramdac.c:463
#1  0x00000000007d4246 in svga_do_render (svga=svga@entry=0x7f3c34269618)
    at /home/ntrrgc/Apps/86Box/src/video/vid_svga.c:1006
#2  0x00000000007d7567 in svga_poll (priv=0x7f3c34269618)
    at /home/ntrrgc/Apps/86Box/src/video/vid_svga.c:1107
#3  0x00000000008db16a in timer_process () at /home/ntrrgc/Apps/86Box/src/timer.c:137
#4  0x00000000005ed865 in exec386 (cycs=<optimized out>)
    at /home/ntrrgc/Apps/86Box/src/cpu/386_dynarec.c:1038
#5  0x00000000008d2049 in pc_run () at /home/ntrrgc/Apps/86Box/src/86box.c:1423
#6  0x00000000008f45d1 in main_thread_fn () at /home/ntrrgc/Apps/86Box/src/qt/qt_main.cpp:122
#7  0x00007f3cf34e7564 in std::execute_native_thread_routine (__p=0x160be1d0)
    at ../../../../../libstdc++-v3/src/c++11/thread.cc:104
#8  0x00007f3cf31c2507 in start_thread (arg=<optimized out>) at pthread_create.c:447
#9  0x00007f3cf324640c in clone3 () at ../sysdeps/unix/sysv/linux/x86_64/clone3.S:78
```

```c
case 3: /* X-Windows */
    switch (comb) {
        case 2:
            p[x_pos] = clr1; // < CRASH HERE
            break;
        case 3:
            p[x_pos] = clr2;
            break;
```

Through examining the registers I found we have a negative index access into the `p` array, `x_pos` must have been negative.

```
(gdb) display/i $pc

4: x/i $pc
=> 0x807ae0 <bt48x_hwcursor_draw+272>:	mov    DWORD PTR [rsi+r11*4],r13d
(gdb) p/x $rsi
$13 = 0x7f3cb6e00010
(gdb) p/x $r11
$14 = 0xfffffffffffffffb
```

What made `x_pos` negative?

```c
x_pos = offset + svga->x_add;
```
```
(gdb) p offset
$16 = -5
(gdb) p svga->x_add
$17 = 0
```

And what could have made `offset` negative?

```c
int             offset = svga->dac_hwcursor_latch.x - svga->dac_hwcursor_latch.xoff;
```

```
(gdb) p svga->dac_hwcursor_latch
$18 = {ena = 1, x = -7, y = -6, xoff = 0, yoff = 0, cur_xsize = 32, cur_ysize = 32, v_acc = 0, 
  h_acc = 0, addr = 24, pitch = 0}
```

How those values ended up in `svga->dac_hwcursor_latch` is not captured in the traceback, as that would have happened previously, arguably in a invocation of `bt48x_ramdac_out()`.

### Configuration file

```ini
[General]
vid_renderer = qt_opengl3
video_gl_shader = /home/ntrrgc/Dropbox/86Box/Windows3.11/pixel_aa.glsl
scale = 4
video_fullscreen_scale = 2
vid_resize = 1
video_fullscreen_first = 0
host_cpu = AMD Ryzen 9 7950X 16-Core Processor
uuid = 00a3f1f3-af8e-5a32-bd86-1f2c9420d069

[Machine]
machine = 4saw2
cpu_family = i486dx_slenh
cpu_speed = 33333333
cpu_multi = 1
cpu_use_dynarec = 0
fpu_softfloat = 0
time_sync = local
fpu_type = internal
mem_size = 16384

[Video]
gfxcard = stealth64v_pci
video_fullscreen_scale_maximized = 1

[Input devices]
mouse_type = msserial

[Sound]
fm_driver = nuked
sndcard = sb16
midi_device = mt32
midi_in_device = midi_in

[Network]
net_01_link = 0
net_02_link = 0
net_03_link = 0
net_04_link = 0
net_01_card = ne2kpci
net_01_net_type = slirp

[Storage controllers]
hdc = internal
cassette_mode = load

[Microsoft Serial Mouse]
port = 0
buttons = 2

[MIDI Input Device]
midi_input = 0
realtime = 0
thruchan = 1
clockout = 1

[Realtek RTL8029AS #1]
mac = f8:5f:02

[Ports (COM & LPT)]
lpt1_device = postscript

[Hard disks]
hdd_01_parameters = 63, 16, 1024, 0, ide
hdd_01_fn = hdd/win311_hdd1.vhd
hdd_01_vhd_blocksize = 4096
hdd_01_speed = ramdisk
hdd_02_parameters = 63, 16, 1024, 0, ide
hdd_02_fn = hdd/win311_hdd2.vhd
hdd_02_vhd_blocksize = 4096
hdd_02_speed = ramdisk
hdd_01_ide_channel = 0:0
hdd_02_ide_channel = 0:1

[Floppy and CD-ROM drives]
fdd_01_type = 35_2hd
cdrom_01_speed = 16
cdrom_01_parameters = 1, atapi
cdrom_01_ide_channel = 1:0
fdd_02_type = 525_2hd
fdd_01_image_history_01 = ...
fdd_01_image_history_02 = ...
cdrom_01_image_path = ...
cdrom_01_type = 86BOX_CD-ROM_1.00
cdrom_01_image_history_01 = ...
cdrom_01_image_history_02 = ...
```

### Operating system

Linux x86_64, Fedora 40 Workstation

### CPU

AMD Ryzen 9 7950X

### 86Box version

c728f6cbf59735196e0ef69be514583c915e1d72 (Tue Jul 9 00:15:59 2024)

### Build architecture

Linux - x64 (64-bit)

### Build type

- [ ] New recompiler
- [ ] Debug build

### Download source

I built 86Box myself (please tell us more about your build configuration)

### Additional context

Configuration flags:
```
cmake -DCMAKE_BUILD_TYPE=RelWithDebInfo -DCMAKE_EXPORT_COMPILE_COMMANDS:BOOL=ON -D CMAKE_TOOLCHAIN_FILE=../cmake/flags-gcc-x86_64.cmake -GNinja ..
```

```
//Use the PCem v15 ("new") dynamic recompiler
NEW_DYNAREC:BOOL=OFF

//Qt GUI
QT:BOOL=ON

//The directory containing a CMake configuration file for Qt5Core.
Qt5Core_DIR:PATH=/usr/lib64/cmake/Qt5Core
```
