### ISSUE TITLE
Windows NT 3.1: NTVDM instability

### ISSUE THREAD

**Issue by cigaryno** [86Box/86Box#5038]
### What happened?

When doing something that involves NTVDM (NT DOS Prompt, Introducing Windows NT, and even QBASIC and DOS Editor), the application works for a short time before NTVDM crashes with an access violation (`0x0000005`), with a Dr. Watson error prompt.

### Configuration file

```ini
[ATI Mach32 (PCI)]
ramdac = 1
memory = 4096

[PS/2 Mouse]
buttons = 2

[3Com EtherLink II #1]
base = 0300
irq = 5
dma = 3
mac = 18:b2:9a
bios_addr = CC000

[General]
confirm_exit = 0
confirm_reset = 0
confirm_save = 0
emu_build_num = 6341
force_43 = 1
host_cpu = Intel(R) Core(TM) i5-1035G1 CPU @ 1.00GHz
uuid = bb8e4fe6-7306-584a-9cd7-a6f56efbd2e6
vid_renderer = qt_software
vid_resize = 2
window_fixed_res = 1024x768
window_remember = 1

[Machine]
cpu_family = pentium_p54c
cpu_multi = 1.5
cpu_speed = 100000000
cpu_use_dynarec = 1
fpu_type = internal
machine = plato
mem_size = 65536

[Video]
gfxcard = mach32_pci

[Input devices]
mouse_type = ps2

[Network]
net_01_card = 3c503
net_01_host_device = 
net_01_link = 0
net_01_net_type = pcap
net_02_card = modem
net_02_link = 0
net_02_net_type = slirp
net_03_link = 0
net_04_link = 0

[Ports (COM & LPT)]
lpt1_device = postscript
serial1_passthrough_enabled = 1

[Storage controllers]
scsicard_1 = aha154xcf

[Adaptec AHA-154xCF #1]
base = 0334
irq = 11
dma = 6
bios_addr = C8000
fdc_addr = 0000

[Floppy and CD-ROM drives]
cdrom_01_parameters = 1, scsi
cdrom_01_scsi_location = 0:02
cdrom_01_type = 86BOX_CD-ROM_1.00
fdd_01_check_bpb = 0
fdd_01_type = 35_2ed
fdd_02_check_bpb = 0
fdd_02_type = 525_2hd

[Hard disks]
hdd_01_fn = 1.vhd
hdd_01_parameters = 63, 16, 2080, 0, scsi
hdd_01_scsi_location = 0:00
hdd_01_speed = ramdisk
hdd_01_vhd_blocksize = 4096

[Monitor #1]
window_coordinates = 481, 140, 1024, 768

[Monitor #2]
window_coordinates = 0, 0, 0, 0

[Serial Passthrough Device #1]
mode = 0
named_pipe = \\.\pipe\WINNT
data_bits = 8
stop_bits = 1
baudrate = 9600

[Standard Hayes-compliant Modem #2]
port = 1
baudrate = 9600
listen_port = 31511
telnet_mode = 0

[Sound Blaster v2.0 #1]
base = 0220
mixaddr = 0000
irq = 7
dma = 1
opl = 1
cms = 0
receive_input = 1

[Sound]
midi_device = system_midi
sndcard = sb2.0
```

### Operating system

Windows 11 Dev (26120.2510)

### CPU

Intel Core i5-1035G1

### 86Box version

v4.3 build 6343

### Build architecture

Windows - x64 (64-bit)

### Build type

- [X] New recompiler
- [ ] Debug build

### Download source

Official website (Jenkins, GitHub)

### Additional context

Dr. Watson rror log entry (`exe\NTVDM.DBG) c0000005 <nosymbols>(771a3eff`):
```
Cannot access the image file (exe\ntvdm.DBG)
Cannot access the image file (dll\ntdll.DBG)
Cannot access the image file (dll\advapi32.DBG)
Cannot access the image file (dll\kernel32.DBG)
Cannot access the image file (dll\rpcrt4.DBG)
Cannot access the image file (dll\user32.DBG)
Cannot access the image file (dll\gdi32.DBG)


Application exception occurred:
        App: exe\ntvdm.DBG (pid=162)
        When: 12/8/2024 @ 19:22:58.740
        Exception number: c0000005 (access violation)

*----> System Information <----*
        Computer Name: WINNT
        User Name: Cigaryno
        Number of Processors: 1
        Processor Type: Unknown Processor Type
        Windows Version: 3.10
        Current Build: 1.511.1 () (July 1993)
        Current Type: Uniprocessor Free
        Registered Organization: 
        Registered Owner: Cigaryno

*----> Task List <----*
   0 Idle.exe
   7 System.exe
  28 SMSS.exe
  20 CSRSS.exe
  13 WINLOGON.exe
  70 SCREG.exe
  65 LSASS.exe
  63 SPOOLSS.exe
  48 EVENTLOG.exe
  43 NETDDE.exe
  99 CLIPSRV.exe
  95 95.exe
  93 LMSVCS.exe
 136 MSGSVC.exe
 127 NDDEAGNT.exe
 119 PROGMAN.exe
 117 NTVDM.exe
 130 WINFILE.exe
 125 NOTEPAD.exe
 164 CMD.exe
 162 NTVDM.exe
 157 DRWTSN32.exe
 147 WINHLP32.exe

*----> Module List <----*
(01920000 - 01a2e000) exe\ntvdm.DBG
(771a0000 - 771e7000) dll\ntdll.DBG
(77f50000 - 77f8f000) dll\advapi32.DBG
(77870000 - 778c8000) dll\kernel32.DBG
(76eb0000 - 76ed6000) dll\rpcrt4.DBG
(76a00000 - 76a3f000) dll\user32.DBG
(77c30000 - 77c6e000) dll\gdi32.DBG

State Dump for Thread Id 0xa3

eax=00000000 ebx=00000000 ecx=08000901 edx=ffffffff esi=00000120 edi=0111fe84
eip=771acc27 esp=0111fe68 ebp=0111fff0 iopl=0         nv up ei pl nz na po nc
cs=001b  ss=0023  ds=0023  es=0023  fs=003b  gs=0000             efl=00000206


function: <nosymbols>
        771acc09 cd2e             int     2e
        771acc0b c3               ret
        771acc0c b8ab000000       mov     eax,0xab
        771acc11 8d542404         lea     edx,[esp+0x4]          ss:0179ea0f=????????
        771acc15 cd2e             int     2e
        771acc17 c21400           ret     0x14
        771acc1a 87db             xchg    ebx,ebx
        771acc1c b8ac000000       mov     eax,0xac
        771acc21 8d542404         lea     edx,[esp+0x4]          ss:0179ea0f=????????
        771acc25 cd2e             int     2e
        771acc27 c20c00           ret     0xc
        771acc2a 87db             xchg    ebx,ebx
        771acc2c b8ad000000       mov     eax,0xad
        771acc31 8d542404         lea     edx,[esp+0x4]          ss:0179ea0f=????????
        771acc35 cd2e             int     2e
        771acc37 c3               ret
        771acc38 b8ae000000       mov     eax,0xae
        771acc3d 8d542404         lea     edx,[esp+0x4]          ss:0179ea0f=????????
        771acc41 cd2e             int     2e
        771acc43 c20400           ret     0x4
        771acc46 87db             xchg    ebx,ebx
        771acc48 b8af000000       mov     eax,0xaf

*----> Stack Back Trace <----*

RetAddr  FramePtr Param#1  Param#2  Param#3  Param#4
771acc27 0111fe64 00000120 00000000 0111fe84 00020000 <nosymbols>
7788a264 0111fe88 00000120 00000003 00000000 0195ab91 <nosymbols>
7788a1e1 0111fe98 00000120 00000003 019639f4 01925a27 <nosymbols>
0195ab91 0111fea4 01925a27 01925e0a 00220020 01120db0 <nosymbols>
019639f4 0111fea8 01925e0a 00220020 01120db0 0000000a <nosymbols>
01925a27 0111feac 00220020 01120db0 0000000a 00000000 <nosymbols>
01925e0a 0111ffa4 00020024 01934e81 00000003 01120db0 <nosymbols>
01948918 0111ffac 00000003 01120db0 01120e10 00220020 <nosymbols>
01934e81 0111fff0 7ffef000 00000000 00000059 00000100 <nosymbols>

*----> Raw Stack Dump <----*
0111fe68  64 a2 88 77 20 01 00 00 - 00 00 00 00 84 fe 11 01  d..w ...........
0111fe78  00 00 02 00 ff ff fd ff - 00 00 00 00 d0 8a ff ff  ................
0111fe88  ff ff ff ff e1 a1 88 77 - 20 01 00 00 03 00 00 00  .......w .......
0111fe98  00 00 00 00 91 ab 95 01 - 20 01 00 00 03 00 00 00  ........ .......
0111fea8  f4 39 96 01 27 5a 92 01 - 0a 5e 92 01 20 00 22 00  .9..'Z...^.. .".
0111feb8  b0 0d 12 01 0a 00 00 00 - 00 00 00 00 00 00 00 00  ................
0111fec8  00 00 00 00 00 00 00 00 - 00 00 00 00 00 00 00 00  ................
0111fed8  00 00 00 00 00 00 00 00 - 00 00 00 00 00 00 00 00  ................
0111fee8  00 00 00 00 00 00 00 00 - 00 00 00 00 00 00 00 00  ................
0111fef8  00 00 00 00 00 00 00 00 - 00 00 00 00 00 00 00 00  ................
0111ff08  00 00 00 00 00 00 00 00 - 00 00 00 00 00 00 00 00  ................
0111ff18  00 00 00 00 00 00 00 00 - 00 00 00 00 00 00 00 00  ................
0111ff28  00 00 00 00 00 00 00 00 - 00 00 00 00 00 00 00 00  ................
0111ff38  00 00 00 00 00 00 00 00 - 00 00 00 00 00 00 00 00  ................
0111ff48  00 00 00 00 00 00 00 00 - 00 00 00 00 00 00 00 00  ................
0111ff58  00 00 00 00 00 00 00 00 - 00 00 00 00 00 00 00 00  ................
0111ff68  00 00 00 00 3b 00 00 00 - 23 00 00 00 23 00 00 00  ....;...#...#...
0111ff78  00 00 00 00 00 00 00 00 - 00 00 00 00 00 00 00 00  ................
0111ff88  00 00 00 00 00 00 00 00 - 00 00 00 00 00 00 00 00  ................
0111ff98  00 00 00 00 00 00 00 00 - 00 00 00 00 00 00 00 00  ................

State Dump for Thread Id 0xa0

eax=00000000 ebx=00000001 ecx=00000001 edx=012205e0 esi=00000001 edi=012205fc
eip=771a3eff esp=013bf490 ebp=013bf49c iopl=0         nv up ei pl nz na pe nc
cs=001b  ss=0023  ds=0023  es=0000  fs=0038  gs=0000             efl=00000202


function: <nosymbols>
        771a3ee0 0bf6             or      esi,esi
        771a3ee2 7432             jz      771a3f16
        771a3ee4 8d421c           lea     eax,[edx+0x1c]         ds:0189f186=????????
        771a3ee7 894210           mov     [edx+0x10],eax         ds:0189f186=????????
        771a3eea 8d0498           lea     eax,[eax+ebx*4]        ds:00000001=8b00a710
        771a3eed 894214           mov     [edx+0x14],eax         ds:0189f186=????????
        771a3ef0 8d0cb500000000   lea     ecx,[00000000+esi*4]   ds:00000001=8b00a710
        771a3ef7 8b7a10           mov     edi,[edx+0x10]         ds:0189f186=????????
        771a3efa 2bc0             sub     eax,eax
        771a3efc c1e902           shr     ecx,0x2
FAULT ->771a3eff f3ab             rep     stosd                  es:012205fc=013bf500
        771a3f01 8b450c           mov     eax,[ebp+0xc]          ss:01a3e042=????????
        771a3f04 c1e002           shl     eax,0x2
        771a3f07 034214           add     eax,[edx+0x14]         ds:0189f186=????????
        771a3f0a 894218           mov     [edx+0x18],eax         ds:0189f186=????????
        771a3f0d 8bc2             mov     eax,edx
        771a3f0f 5f               pop     edi
        771a3f10 5e               pop     esi
        771a3f11 5b               pop     ebx
        771a3f12 5d               pop     ebp
        771a3f13 c20c00           ret     0xc
        771a3f16 c7421000000000   mov   dword ptr [edx+0x10],0x0 ds:0189f186=????????

*----> Stack Back Trace <----*

RetAddr  FramePtr Param#1  Param#2  Param#3  Param#4
771a3eff 013bf49c 00000001 00000000 00000a00 00000010 <nosymbols>
7789bffe 013bf570 00000003 013bf5b8 00000080 013bf5b4 <nosymbols>
7789c16d 013bf58c 00000003 013bf5b8 00000080 013bf5b4 <nosymbols>
01956070 013bffb4 00000000 0111ff30 001f0003 00000000 <nosymbols>
77889171 00000001 8b035400 8b007001 b7007001 3d020506 <nosymbols>

*----> Raw Stack Dump <----*
013bf490  10 00 00 00 00 0a 00 00 - 01 00 00 00 70 f5 3b 01  ............p.;.
013bf4a0  fe bf 89 77 01 00 00 00 - 00 00 00 00 00 0a 00 00  ...w............
013bf4b0  10 00 00 00 01 00 00 00 - 01 00 00 00 38 00 50 00  ............8.P.
013bf4c0  02 00 00 00 a2 00 00 00 - a0 00 00 00 ef 02 00 00  ................
013bf4d0  fb 01 00 00 20 37 77 00 - 01 02 02 00 00 00 00 00  .... 7w.........
013bf4e0  00 00 00 00 02 00 00 00 - 03 00 00 00 ac 4b 00 00  .............K..
013bf4f0  2e fe 00 00 13 02 02 00 - 00 00 00 00 0e 00 00 00  ................
013bf500  00 00 00 00 80 00 00 00 - 00 01 97 01 03 00 00 00  ................
013bf510  00 00 00 00 92 2a 93 01 - c0 77 96 01 d8 47 9f 01  .....*...w...G..
013bf520  bd 75 96 01 00 00 00 00 - 3a 00 00 00 e8 00 00 00  .u......:.......
013bf530  85 d5 95 01 00 00 00 00 - 01 00 00 00 01 00 00 00  ................
013bf540  00 00 00 00 3a 00 00 00 - ee d6 95 01 9e d0 95 01  ....:...........
013bf550  cc ff 3b 01 f8 6d 8a 77 - 20 b7 8a 77 ff ff ff ff  ..;..m.w ..w....
013bf560  70 f5 3b 01 e0 f2 3b 01 - b0 f4 3b 01 bc f5 3b 01  p.;...;...;...;.
013bf570  d0 f5 3b 01 6d c1 89 77 - 03 00 00 00 b8 f5 3b 01  ..;.m..w......;.
013bf580  80 00 00 00 b4 f5 3b 01 - 00 00 00 00 01 00 00 00  ......;.........
013bf590  70 60 95 01 03 00 00 00 - b8 f5 3b 01 80 00 00 00  p`........;.....
013bf5a0  b4 f5 3b 01 ec ff 3b 01 - 30 ff 11 01 03 00 1f 00  ..;...;.0.......
013bf5b0  00 00 00 00 01 00 00 00 - 01 00 00 00 01 00 00 00  ................
013bf5c0  01 00 11 00 1d 00 00 00 - 08 00 00 00 00 00 00 00  ................

State Dump for Thread Id 0x9f

eax=0195f3a6 ebx=0000000a ecx=00220020 edx=771a9800 esi=00000002 edi=00000000
eip=771acc17 esp=014cff6c ebp=00000000 iopl=0         nv up ei pl zr na po nc
cs=001b  ss=0023  ds=0023  es=0023  fs=0038  gs=0000             efl=00000246


function: <nosymbols>
        771acbf9 cd2e             int     2e
        771acbfb c21000           ret     0x10
        771acbfe 87db             xchg    ebx,ebx
        771acc00 b8aa000000       mov     eax,0xaa
        771acc05 8d542404         lea     edx,[esp+0x4]          ss:01b4eb13=????????
        771acc09 cd2e             int     2e
        771acc0b c3               ret
        771acc0c b8ab000000       mov     eax,0xab
        771acc11 8d542404         lea     edx,[esp+0x4]          ss:01b4eb13=????????
        771acc15 cd2e             int     2e
        771acc17 c21400           ret     0x14
        771acc1a 87db             xchg    ebx,ebx
        771acc1c b8ac000000       mov     eax,0xac
        771acc21 8d542404         lea     edx,[esp+0x4]          ss:01b4eb13=????????
        771acc25 cd2e             int     2e
        771acc27 c20c00           ret     0xc
        771acc2a 87db             xchg    ebx,ebx
        771acc2c b8ad000000       mov     eax,0xad
        771acc31 8d542404         lea     edx,[esp+0x4]          ss:01b4eb13=????????
        771acc35 cd2e             int     2e
        771acc37 c3               ret
        771acc38 b8ae000000       mov     eax,0xae

*----> Stack Back Trace <----*

RetAddr  FramePtr Param#1  Param#2  Param#3  Param#4
771acc17 014cff68 00000002 019c7570 00000001 00000000 <nosymbols>
019455f9 014cff98 00004784 014cffec 0111fd0c 771a97fb <nosymbols>
0195f3fd 014cffb4 00000000 0111fd0c 771a97fb 00000000 <nosymbols>
77889171 00000000 03540016 0070018b 0070018b 020506b7 <nosymbols>

*----> Raw Stack Dump <----*
014cff6c  f9 55 94 01 02 00 00 00 - 70 75 9c 01 01 00 00 00  .U......pu......
014cff7c  00 00 00 00 94 ff 4c 01 - 00 00 00 00 d4 d8 06 00  ......L.........
014cff8c  00 00 00 00 84 47 00 00 - d8 34 fd ff ff ff ff ff  .....G...4......
014cff9c  fd f3 95 01 84 47 00 00 - ec ff 4c 01 0c fd 11 01  .....G....L.....

```

**Comment by TC1995** [comment]
What build of NT?  I know the final NT 3.1 build (511 or 528) is fine on my end.

**Comment by cigaryno** [comment]
> What build of NT? I know the final NT 3.1 build (511 or 528) is fine on my end.

This is the original RTM build (511).

**Comment by eddmanx** [comment]
With 86box 6341, I just installed 511 using the posted machine config and NTVDM is working fine. You'd probably have to share the machine files (cfg, nvr, hdd) to be able to reproduce the problem.

**Comment by cigaryno** [comment]
Based on what I remember from using 86Box 3.5  whatever (stable version prior to 4.0) last year, I think NTVDM was crashing the same way.
Speaking of "Introducing Windows NT", usually Dr. Watson fails to initialize with an "Application Error 0xc0000005", and when this happens, "Introducing Windows NT" does not close. But then, it will succeed in initializing based on last time.
Here is a screenshot of when Dr. Watson crashes:
![Monitor_1_20241212-193542-506](https://github.com/user-attachments/assets/5afde6a5-9e56-4c75-aad8-6454563c3740)

**Comment by OBattler** [comment]
Error 0xc0000005 is a segmentation fault, usually that's a GPF or a page fault. It must be attempting to access something that isn't properly accessible.

**Comment by cigaryno** [comment]
> Error 0xc0000005 is a segmentation fault, usually that's a GPF or a page fault. It must be attempting to access something that isn't properly accessible.
> 
> Since you're using the new recompiler - try on the old one and see if there's any difference.

Even with the old recompiler (build 6348), I still get the same results.

**Comment by TC1995** [comment]
If you can, try it with the s3 cards, it might be video card related.

**Comment by chungy** [comment]
I get this bug too on the old dynarec, using 511 and both 528 builds. I haven't yet observed it on new dynarec.

**Comment by cigaryno** [comment]
> If you can, try it with the s3 cards, it might be video card related.

Even with an S3 86c911, and also a P5 Pentium, nothing changes.

**Comment by chungy** [comment]
I've managed to trigger this in both dynarecs.

Is anyone in possession of a physical machine capable of running NT 3.1? I'm curious if this is actually an NTVDM bug instead of an 86box bug.

**Comment by OBattler** [comment]
You should try it on VMWare, QEMU, or VirtualBox and see what happens.

**Comment by cigaryno** [comment]
On both VMware (not recommended for NT 3.1) and VirtualBox (NT 3.1 somewhat works with graphics and SCSI), NTVDM works well.

**Comment by chungy** [comment]
Likewise, I've been unable to reproduce it with QEMU. The bug is intermittent enough that I'm not positive on who the blame, but 86box seems a likely candidate at this point.

**Comment by OBattler** [comment]
Does this happen on the interpreter?

**Comment by cigaryno** [comment]
> Does this happen on the interpreter?

If you talk about `COMMAND.COM`, it also crashes.
But now on build 6595 (NDR) I instead get Application error `0x771a3eff` instead of a Dr. Watson error prompt.

**Comment by eddmanx** [comment]
> If you talk about `COMMAND.COM`

No, it means with the dynarec disabled. Since it's a pentium it can't be disabled from the UI.
Open the cfg file and in the [Machine] section change `cpu_use_dynarec = 1` to `0`.

I tested it for a few minutes with build 6595 and it didn't happen but that's not exactly conclusive, given the random nature of the problem.

**Comment by OBattler** [comment]
@cigaryno Retest it with the new recompiler, as there was a bug that caused non-word-aligned immediates to be read with the bytes swapped that has since been fixed, perhaps that was causing it?

**Comment by cigaryno** [comment]
@OBattler even with the latest build, I still get the Dr. Watson exception (not an Application Error).

**Comment by OBattler** [comment]
It seems like both are related. Regardless of which of the two (COMMAND or Introduce Windows NT) gets the exeception, nothing else gets it after that until I restart Windows NT.

**Comment by OBattler** [comment]
Even after restarting it, it sometimes doesn't happen. So it could very well be an OS bug and just happened to be missed on VMware and QEMU.

**Comment by OBattler** [comment]
It's always the same instruction - REP STOSD. The only thing that can possibly be is that it expects a segment not present exception rather than a GPF.

**Comment by OBattler** [comment]
Though now I notice that the instruction in question is on a page boundary - GPF during fetch?

**Comment by OBattler** [comment]
I just read the Dr. Watson long better and indeed - it's doing a REP STOSD with ES being a null segment. This cannot possibly work.

**Comment by OBattler** [comment]
I found a pretty reliable way to reproduce it - open command prompt, go to C:\WINNT and EDIT DRWTSN32.LOG. So far, it happens on 86Box on the new compiler, it does not occur on the interpreter, and it does not occur on VirtualBox.

**Comment by OBattler** [comment]
It does occur on the old recompiler.

**Comment by OBattler** [comment]
What I just did is the best I can do - I spent the entire night looking at both recompilers to see what may be wrong, to no avail. But it may get properly fixed in the future, just like the 8-bit XCHG bug on 64-bit old recompiler was in the end, that broke Chicago 58s GRPCONV.EXE.
